--------------------------------------------------------------------------------
[Jun 24, 2021, 2:05:42.5 AM:ERROR:publisher.cc(763)] Publisher info not found
[Jun 24, 2021, 2:06:05.3 AM:ERROR:publisher.cc(763)] Publisher info not found
[Jun 24, 2021, 2:23:57.9 AM:ERROR:publisher.cc(763)] Publisher info not found
[Jun 24, 2021, 2:28:09.8 AM:ERROR:publisher.cc(763)] Publisher info not found
[Jun 24, 2021, 2:28:09.8 AM:ERROR:publisher.cc(763)] Publisher info not found
[Jun 24, 2021, 2:36:00.3 AM:ERROR:publisher.cc(763)] Publisher info not found
[Jun 24, 2021, 2:36:06.7 AM:ERROR:publisher.cc(763)] Publisher info not found
[Jun 24, 2021, 2:36:26.1 AM:ERROR:publisher.cc(763)] Publisher info not found
[Jun 24, 2021, 2:42:28.6 AM:ERROR:publisher.cc(763)] Publisher info not found
[Jun 24, 2021, 2:57:28.8 AM:ERROR:publisher.cc(763)] Publisher info not found
[Jun 24, 2021, 2:58:23.7 AM:ERROR:publisher.cc(763)] Publisher info not found
[Jun 24, 2021, 2:58:23.7 AM:ERROR:publisher.cc(763)] Publisher info not found
[Jun 24, 2021, 3:06:46.8 AM:ERROR:publisher.cc(763)] Publisher info not found
[Jun 25, 2021, 12:37:30.0 AM:ERROR:publisher.cc(763)] Publisher info not found
[Jun 25, 2021, 12:45:36.2 AM:ERROR:publisher.cc(763)] Publisher info not found
[Jun 25, 2021, 1:03:33.3 AM:ERROR:publisher.cc(763)] Publisher info not found
[Jun 25, 2021, 1:21:39.2 AM:ERROR:publisher.cc(763)] Publisher info not found
[Jun 25, 2021, 1:25:01.9 AM:ERROR:publisher.cc(763)] Publisher info not found
[Jun 25, 2021, 1:29:41.9 AM:ERROR:publisher.cc(763)] Publisher info not found
[Jun 25, 2021, 1:34:27.2 AM:ERROR:publisher.cc(763)] Publisher info not found
[Jun 25, 2021, 1:42:59.6 AM:ERROR:publisher.cc(763)] Publisher info not found
[Jun 25, 2021, 2:02:17.1 AM:ERROR:publisher.cc(763)] Publisher info not found
[Jun 25, 2021, 3:12:42.6 AM:ERROR:publisher.cc(763)] Publisher info not found
[Jun 25, 2021, 3:18:20.4 AM:ERROR:publisher.cc(763)] Publisher info not found
[Jun 25, 2021, 3:21:59.4 AM:ERROR:publisher.cc(763)] Publisher info not found
[Jun 25, 2021, 3:25:34.3 AM:ERROR:publisher.cc(763)] Publisher info not found
[Jun 25, 2021, 4:04:12.1 AM:ERROR:publisher.cc(763)] Publisher info not found
[Jun 25, 2021, 4:05:36.1 AM:ERROR:publisher.cc(763)] Publisher info not found
[Jun 25, 2021, 4:05:36.1 AM:ERROR:publisher.cc(763)] Publisher info not found
[Jun 25, 2021, 4:17:26.4 AM:ERROR:publisher.cc(763)] Publisher info not found
[Jun 25, 2021, 4:17:26.4 AM:ERROR:publisher.cc(763)] Publisher info not found
[Jun 25, 2021, 4:30:23.4 PM:ERROR:publisher.cc(763)] Publisher info not found
[Jun 25, 2021, 4:31:03.0 PM:ERROR:publisher.cc(763)] Publisher info not found
[Jun 25, 2021, 4:36:40.2 PM:ERROR:publisher.cc(763)] Publisher info not found
[Jun 25, 2021, 4:36:46.4 PM:ERROR:publisher.cc(763)] Publisher info not found
[Jun 25, 2021, 4:39:25.0 PM:ERROR:publisher.cc(763)] Publisher info not found
[Jun 25, 2021, 4:55:46.8 PM:ERROR:publisher.cc(763)] Publisher info not found
[Jun 25, 2021, 5:00:15.1 PM:ERROR:publisher.cc(763)] Publisher info not found
[Jun 25, 2021, 5:05:13.2 PM:ERROR:publisher.cc(763)] Publisher info not found
[Jun 25, 2021, 5:09:34.6 PM:ERROR:publisher.cc(763)] Publisher info not found
[Jun 25, 2021, 5:10:24.8 PM:ERROR:publisher.cc(763)] Publisher info not found
[Jun 25, 2021, 5:11:30.4 PM:ERROR:publisher.cc(763)] Publisher info not found
[Jun 26, 2021, 1:06:02.8 AM:ERROR:publisher.cc(763)] Publisher info not found
[Jun 26, 2021, 1:42:29.4 AM:ERROR:publisher.cc(763)] Publisher info not found
--------------------------------------------------------------------------------
[Jun 26, 2021, 1:58:27.4 AM:ERROR:publisher.cc(763)] Publisher info not found
[Jun 26, 2021, 2:04:21.0 AM:ERROR:publisher.cc(763)] Publisher info not found
[Jun 26, 2021, 2:09:49.6 AM:ERROR:publisher.cc(763)] Publisher info not found
[Jun 26, 2021, 2:15:29.9 AM:ERROR:publisher.cc(763)] Publisher info not found
[Jun 26, 2021, 2:17:17.8 AM:ERROR:publisher.cc(763)] Publisher info not found
[Jun 26, 2021, 2:23:06.2 AM:ERROR:publisher.cc(763)] Publisher info not found
[Jun 26, 2021, 2:28:31.6 AM:ERROR:publisher.cc(763)] Publisher info not found
[Jun 26, 2021, 2:36:36.8 AM:ERROR:publisher.cc(763)] Publisher info not found
[Jun 26, 2021, 2:38:24.7 AM:ERROR:publisher.cc(763)] Publisher info not found
[Jun 26, 2021, 2:51:33.4 AM:ERROR:publisher.cc(763)] Publisher info not found
[Jun 26, 2021, 2:53:54.3 AM:ERROR:publisher.cc(763)] Publisher info not found
[Jun 26, 2021, 2:53:57.6 AM:ERROR:publisher.cc(763)] Publisher info not found
[Jun 26, 2021, 2:59:45.5 AM:ERROR:publisher.cc(763)] Publisher info not found
[Jun 26, 2021, 3:00:04.9 AM:ERROR:publisher.cc(763)] Publisher info not found
[Jun 26, 2021, 3:03:08.9 AM:ERROR:publisher.cc(763)] Publisher info not found
[Jun 26, 2021, 3:08:02.4 AM:ERROR:publisher.cc(834)] Failed to retrieve publisher info while updating media duration
[Jun 26, 2021, 3:08:02.7 AM:ERROR:publisher.cc(763)] Publisher info not found
[Jun 26, 2021, 3:09:26.9 AM:ERROR:publisher.cc(763)] Publisher info not found
[Jun 26, 2021, 3:13:25.1 AM:ERROR:publisher.cc(763)] Publisher info not found
[Jun 26, 2021, 3:18:03.8 AM:ERROR:publisher.cc(763)] Publisher info not found
[Jun 26, 2021, 3:28:25.2 AM:ERROR:publisher.cc(763)] Publisher info not found
[Jun 26, 2021, 3:44:45.9 AM:ERROR:publisher.cc(763)] Publisher info not found
[Jun 26, 2021, 4:21:03.2 AM:ERROR:publisher.cc(763)] Publisher info not found
[Jun 26, 2021, 4:37:59.0 AM:ERROR:publisher.cc(763)] Publisher info not found
[Jun 26, 2021, 4:38:56.4 AM:ERROR:publisher.cc(763)] Publisher info not found
[Jun 26, 2021, 5:34:21.9 AM:ERROR:publisher.cc(763)] Publisher info not found
[Jun 26, 2021, 5:36:33.4 AM:ERROR:publisher.cc(763)] Publisher info not found
[Jun 26, 2021, 5:36:39.8 AM:ERROR:publisher.cc(763)] Publisher info not found
[Jun 26, 2021, 5:38:29.0 AM:ERROR:publisher.cc(763)] Publisher info not found
[Jun 26, 2021, 4:33:40.2 PM:ERROR:publisher.cc(763)] Publisher info not found
[Jun 26, 2021, 4:35:03.1 PM:ERROR:publisher.cc(763)] Publisher info not found
[Jun 26, 2021, 5:07:42.6 PM:ERROR:publisher.cc(763)] Publisher info not found
[Jun 26, 2021, 5:08:06.5 PM:ERROR:publisher.cc(763)] Publisher info not found
[Jun 26, 2021, 5:14:16.4 PM:ERROR:publisher.cc(763)] Publisher info not found
[Jun 26, 2021, 7:53:41.5 PM:ERROR:publisher.cc(763)] Publisher info not found
[Jun 26, 2021, 7:59:44.3 PM:ERROR:publisher.cc(763)] Publisher info not found
[Jun 26, 2021, 7:59:44.3 PM:ERROR:publisher.cc(763)] Publisher info not found
[Jun 26, 2021, 8:07:20.8 PM:ERROR:publisher.cc(763)] Publisher info not found
[Jun 26, 2021, 8:07:31.6 PM:ERROR:publisher.cc(763)] Publisher info not found
[Jun 26, 2021, 8:07:43.5 PM:ERROR:publisher.cc(763)] Publisher info not found
[Jun 26, 2021, 8:07:46.9 PM:ERROR:publisher.cc(763)] Publisher info not found
[Jun 26, 2021, 8:09:42.7 PM:ERROR:publisher.cc(763)] Publisher info not found
[Jun 26, 2021, 8:41:00.9 PM:ERROR:publisher.cc(763)] Publisher info not found
[Jun 26, 2021, 8:42:35.7 PM:ERROR:publisher.cc(763)] Publisher info not found
[Jun 26, 2021, 8:44:05.5 PM:ERROR:publisher.cc(763)] Publisher info not found
[Jun 26, 2021, 8:47:45.4 PM:ERROR:publisher.cc(763)] Publisher info not found
[Jun 26, 2021, 8:48:34.0 PM:ERROR:publisher.cc(763)] Publisher info not found
[Jun 26, 2021, 8:48:48.8 PM:ERROR:publisher.cc(763)] Publisher info not found
[Jun 26, 2021, 8:49:31.7 PM:ERROR:publisher.cc(763)] Publisher info not found
[Jun 26, 2021, 8:49:31.7 PM:ERROR:publisher.cc(763)] Publisher info not found
[Jun 26, 2021, 8:51:46.8 PM:ERROR:publisher.cc(763)] Publisher info not found
[Jun 26, 2021, 8:51:46.8 PM:ERROR:publisher.cc(763)] Publisher info not found
[Jun 26, 2021, 9:07:30.4 PM:ERROR:publisher.cc(763)] Publisher info not found
[Jun 26, 2021, 9:07:30.4 PM:ERROR:publisher.cc(763)] Publisher info not found
[Jun 26, 2021, 9:28:33.1 PM:ERROR:publisher.cc(763)] Publisher info not found
[Jun 26, 2021, 9:34:04.8 PM:ERROR:publisher.cc(763)] Publisher info not found
[Jun 26, 2021, 9:36:19.0 PM:ERROR:publisher.cc(763)] Publisher info not found
[Jun 26, 2021, 9:36:19.0 PM:ERROR:publisher.cc(763)] Publisher info not found
[Jun 26, 2021, 10:33:08.5 PM:ERROR:refill_unblinded_tokens.cc(189)] Failed to get signed tokens
[Jun 26, 2021, 10:34:41.8 PM:ERROR:publisher.cc(763)] Publisher info not found
[Jun 26, 2021, 10:56:36.6 PM:ERROR:publisher.cc(763)] Publisher info not found
[Jun 26, 2021, 11:03:34.8 PM:ERROR:publisher.cc(763)] Publisher info not found
[Jun 26, 2021, 11:03:45.0 PM:ERROR:publisher.cc(763)] Publisher info not found
[Jun 26, 2021, 11:03:49.0 PM:ERROR:publisher.cc(763)] Publisher info not found
[Jun 26, 2021, 11:04:05.7 PM:ERROR:publisher.cc(763)] Publisher info not found
[Jun 26, 2021, 11:04:22.8 PM:ERROR:publisher.cc(763)] Publisher info not found
[Jun 26, 2021, 11:04:40.8 PM:ERROR:publisher.cc(763)] Publisher info not found
[Jun 26, 2021, 11:04:55.6 PM:ERROR:publisher.cc(763)] Publisher info not found
[Jun 26, 2021, 11:05:39.2 PM:ERROR:publisher.cc(763)] Publisher info not found
[Jun 26, 2021, 11:05:42.4 PM:ERROR:publisher.cc(763)] Publisher info not found
[Jun 26, 2021, 11:06:22.5 PM:ERROR:publisher.cc(763)] Publisher info not found
[Jun 26, 2021, 11:06:22.5 PM:ERROR:publisher.cc(763)] Publisher info not found
[Jun 26, 2021, 11:08:18.7 PM:ERROR:publisher.cc(763)] Publisher info not found
[Jun 26, 2021, 11:08:20.2 PM:ERROR:publisher.cc(763)] Publisher info not found
[Jun 26, 2021, 11:16:39.1 PM:ERROR:publisher.cc(763)] Publisher info not found
[Jun 26, 2021, 11:17:17.4 PM:ERROR:publisher.cc(763)] Publisher info not found
[Jun 26, 2021, 11:17:17.4 PM:ERROR:publisher.cc(763)] Publisher info not found
[Jun 26, 2021, 11:25:50.9 PM:ERROR:publisher.cc(763)] Publisher info not found
[Jun 26, 2021, 11:32:29.5 PM:ERROR:publisher.cc(763)] Publisher info not found
[Jun 26, 2021, 11:35:33.1 PM:ERROR:publisher.cc(763)] Publisher info not found
[Jun 26, 2021, 11:35:41.2 PM:ERROR:publisher.cc(763)] Publisher info not found
[Jun 26, 2021, 11:57:47.1 PM:ERROR:publisher.cc(763)] Publisher info not found
[Jun 26, 2021, 11:57:47.1 PM:ERROR:publisher.cc(763)] Publisher info not found
[Jun 26, 2021, 11:57:47.1 PM:ERROR:publisher.cc(763)] Publisher info not found
[Jun 27, 2021, 12:04:06.3 AM:ERROR:publisher.cc(763)] Publisher info not found
--------------------------------------------------------------------------------
[Jun 27, 2021, 12:14:30.1 AM:ERROR:publisher.cc(763)] Publisher info not found
[Jun 27, 2021, 12:15:03.1 AM:ERROR:publisher.cc(763)] Publisher info not found
[Jun 27, 2021, 12:15:03.1 AM:ERROR:publisher.cc(763)] Publisher info not found
[Jun 27, 2021, 12:29:09.6 AM:ERROR:publisher.cc(763)] Publisher info not found
[Jun 27, 2021, 12:42:11.4 AM:ERROR:publisher.cc(763)] Publisher info not found
[Jun 27, 2021, 12:48:06.3 AM:ERROR:publisher.cc(763)] Publisher info not found
[Jun 27, 2021, 12:57:56.0 AM:ERROR:publisher.cc(763)] Publisher info not found
[Jun 27, 2021, 1:06:24.2 AM:ERROR:publisher.cc(763)] Publisher info not found
[Jun 27, 2021, 1:08:04.7 AM:ERROR:publisher.cc(763)] Publisher info not found
[Jun 27, 2021, 1:10:07.3 AM:ERROR:publisher.cc(763)] Publisher info not found
[Jun 27, 2021, 1:10:20.1 AM:ERROR:publisher.cc(763)] Publisher info not found
[Jun 27, 2021, 1:10:50.4 AM:ERROR:publisher.cc(763)] Publisher info not found
[Jun 27, 2021, 1:10:54.5 AM:ERROR:publisher.cc(763)] Publisher info not found
[Jun 27, 2021, 1:12:15.5 AM:ERROR:publisher.cc(763)] Publisher info not found
[Jun 27, 2021, 1:12:34.9 AM:ERROR:publisher.cc(763)] Publisher info not found
[Jun 27, 2021, 1:15:49.4 AM:ERROR:publisher.cc(763)] Publisher info not found
[Jun 27, 2021, 1:19:19.0 AM:ERROR:publisher.cc(763)] Publisher info not found
[Jun 27, 2021, 1:32:36.5 AM:ERROR:publisher.cc(763)] Publisher info not found
[Jun 27, 2021, 1:36:31.1 AM:ERROR:publisher.cc(763)] Publisher info not found
[Jun 27, 2021, 1:38:15.4 AM:ERROR:publisher.cc(763)] Publisher info not found
[Jun 27, 2021, 1:39:52.7 AM:ERROR:publisher.cc(763)] Publisher info not found
[Jun 27, 2021, 1:50:58.8 AM:ERROR:publisher.cc(763)] Publisher info not found
[Jun 27, 2021, 1:52:31.1 AM:ERROR:publisher.cc(763)] Publisher info not found
[Jun 27, 2021, 1:53:20.6 AM:ERROR:publisher.cc(763)] Publisher info not found
[Jun 27, 2021, 1:53:27.4 AM:ERROR:publisher.cc(763)] Publisher info not found
[Jun 27, 2021, 2:04:34.8 AM:ERROR:publisher.cc(763)] Publisher info not found
[Jun 27, 2021, 2:21:19.7 AM:ERROR:publisher.cc(763)] Publisher info not found
[Jun 27, 2021, 2:23:02.8 AM:ERROR:publisher.cc(763)] Publisher info not found
[Jun 27, 2021, 2:23:49.9 AM:ERROR:publisher.cc(763)] Publisher info not found
[Jun 27, 2021, 2:24:09.1 AM:ERROR:publisher.cc(763)] Publisher info not found
[Jun 27, 2021, 2:28:25.0 AM:ERROR:publisher.cc(763)] Publisher info not found
--------------------------------------------------------------------------------
[Jun 27, 2021, 4:14:13.4 AM:ERROR:publisher.cc(763)] Publisher info not found
[Jun 27, 2021, 4:14:13.4 AM:ERROR:publisher.cc(763)] Publisher info not found
[Jun 27, 2021, 4:16:20.4 AM:ERROR:publisher.cc(763)] Publisher info not found
[Jun 27, 2021, 4:16:20.4 AM:ERROR:publisher.cc(763)] Publisher info not found
[Jun 27, 2021, 4:45:53.7 AM:ERROR:publisher.cc(763)] Publisher info not found
[Jun 28, 2021, 1:27:08.9 AM:ERROR:publisher.cc(763)] Publisher info not found
--------------------------------------------------------------------------------
[Jun 28, 2021, 1:37:46.7 AM:ERROR:publisher.cc(763)] Publisher info not found
[Jun 28, 2021, 2:47:34.3 AM:ERROR:publisher.cc(763)] Publisher info not found
[Jun 28, 2021, 2:54:47.6 AM:ERROR:publisher.cc(763)] Publisher info not found
[Jun 28, 2021, 2:54:47.6 AM:ERROR:publisher.cc(763)] Publisher info not found
[Jun 28, 2021, 2:56:05.9 AM:ERROR:publisher.cc(763)] Publisher info not found
[Jun 28, 2021, 2:58:08.3 AM:ERROR:publisher.cc(763)] Publisher info not found
[Jun 28, 2021, 2:58:15.3 AM:ERROR:publisher.cc(763)] Publisher info not found
[Jun 28, 2021, 2:58:59.4 AM:ERROR:publisher.cc(763)] Publisher info not found
[Jun 28, 2021, 2:58:59.4 AM:ERROR:publisher.cc(763)] Publisher info not found
[Jun 28, 2021, 2:59:59.6 AM:ERROR:publisher.cc(763)] Publisher info not found
[Jun 28, 2021, 3:01:17.3 AM:ERROR:publisher.cc(763)] Publisher info not found
[Jun 28, 2021, 3:05:38.5 AM:ERROR:publisher.cc(763)] Publisher info not found
[Jun 28, 2021, 3:05:49.9 AM:ERROR:publisher.cc(763)] Publisher info not found
--------------------------------------------------------------------------------
[Jun 28, 2021, 3:12:41.8 AM:ERROR:get_available.cc(69)] Unexpected HTTP status: 504
[Jun 28, 2021, 3:26:36.2 AM:ERROR:get_available.cc(69)] Unexpected HTTP status: 503
--------------------------------------------------------------------------------
[Jun 28, 2021, 3:47:16.3 AM:ERROR:publisher.cc(763)] Publisher info not found
[Jun 28, 2021, 3:52:43.8 AM:ERROR:publisher.cc(763)] Publisher info not found
[Jun 28, 2021, 3:54:20.8 AM:ERROR:publisher.cc(763)] Publisher info not found
--------------------------------------------------------------------------------
[Jun 28, 2021, 4:30:21.1 AM:ERROR:get_available.cc(69)] Unexpected HTTP status: 503
--------------------------------------------------------------------------------
[Jun 28, 2021, 5:00:58.4 AM:ERROR:get_available.cc(69)] Unexpected HTTP status: 503
[Jun 28, 2021, 5:06:01.3 AM:ERROR:publisher.cc(763)] Publisher info not found
--------------------------------------------------------------------------------
[Jun 28, 2021, 5:23:24.6 AM:ERROR:get_available.cc(69)] Unexpected HTTP status: 504
[Jun 28, 2021, 5:24:55.9 AM:ERROR:publisher.cc(763)] Publisher info not found
[Jun 28, 2021, 5:24:55.9 AM:ERROR:publisher.cc(763)] Publisher info not found
[Jun 28, 2021, 5:27:45.3 AM:ERROR:publisher.cc(763)] Publisher info not found
[Jun 28, 2021, 5:27:45.3 AM:ERROR:publisher.cc(763)] Publisher info not found
[Jun 28, 2021, 5:28:43.1 AM:ERROR:publisher.cc(763)] Publisher info not found
[Jun 28, 2021, 10:46:53.2 AM:ERROR:ad_rewards.cc(280)] Payment balance is not ready
[Jun 28, 2021, 10:49:24.3 AM:ERROR:ad_rewards.cc(280)] Payment balance is not ready
[Jun 28, 2021, 10:50:43.5 AM:ERROR:ad_rewards.cc(280)] Payment balance is not ready
[Jun 28, 2021, 10:55:31.4 AM:ERROR:ad_rewards.cc(280)] Payment balance is not ready
[Jun 28, 2021, 11:00:49.8 AM:ERROR:ad_rewards.cc(280)] Payment balance is not ready
[Jun 28, 2021, 12:15:37.0 PM:ERROR:ad_rewards.cc(280)] Payment balance is not ready
[Jun 28, 2021, 12:24:40.1 PM:ERROR:ad_rewards.cc(280)] Payment balance is not ready
[Jun 28, 2021, 12:39:10.4 PM:ERROR:ad_rewards.cc(280)] Payment balance is not ready
[Jun 28, 2021, 12:43:03.5 PM:ERROR:ad_rewards.cc(280)] Payment balance is not ready
[Jun 28, 2021, 1:33:18.7 PM:ERROR:ad_rewards.cc(280)] Payment balance is not ready
[Jun 28, 2021, 3:45:31.1 PM:ERROR:ad_rewards.cc(280)] Payment balance is not ready
[Jun 28, 2021, 3:53:31.2 PM:ERROR:ad_rewards.cc(280)] Payment balance is not ready
--------------------------------------------------------------------------------
[Jun 28, 2021, 4:16:21.5 PM:ERROR:publisher.cc(763)] Publisher info not found
[Jun 28, 2021, 4:16:21.5 PM:ERROR:publisher.cc(763)] Publisher info not found
[Jun 29, 2021, 12:16:59.2 AM:ERROR:publisher.cc(763)] Publisher info not found
[Jun 29, 2021, 12:21:51.8 AM:ERROR:publisher.cc(763)] Publisher info not found
[Jun 29, 2021, 12:21:51.8 AM:ERROR:publisher.cc(763)] Publisher info not found
[Jun 29, 2021, 12:21:56.8 AM:ERROR:publisher.cc(763)] Publisher info not found
[Jun 29, 2021, 12:21:56.8 AM:ERROR:publisher.cc(763)] Publisher info not found
[Jun 29, 2021, 12:23:43.7 AM:ERROR:publisher.cc(763)] Publisher info not found
[Jun 29, 2021, 12:23:54.8 AM:ERROR:publisher.cc(763)] Publisher info not found
[Jun 29, 2021, 12:38:20.8 AM:ERROR:refill_unblinded_tokens.cc(189)] Failed to get signed tokens
[Jun 29, 2021, 12:58:21.8 AM:ERROR:publisher.cc(763)] Publisher info not found
[Jun 29, 2021, 12:58:21.8 AM:ERROR:publisher.cc(763)] Publisher info not found
[Jun 29, 2021, 1:00:50.0 AM:ERROR:publisher.cc(763)] Publisher info not found
[Jun 29, 2021, 1:00:50.0 AM:ERROR:publisher.cc(763)] Publisher info not found
[Jun 29, 2021, 4:18:13.3 AM:ERROR:publisher.cc(763)] Publisher info not found
[Jun 29, 2021, 5:05:52.2 AM:ERROR:publisher.cc(763)] Publisher info not found
[Jun 29, 2021, 5:05:52.2 AM:ERROR:publisher.cc(763)] Publisher info not found
[Jun 29, 2021, 5:18:17.9 AM:ERROR:publisher.cc(763)] Publisher info not found
[Jun 29, 2021, 3:40:51.9 PM:ERROR:publisher.cc(763)] Publisher info not found
[Jun 29, 2021, 3:41:01.9 PM:ERROR:publisher.cc(763)] Publisher info not found
[Jun 29, 2021, 3:41:40.4 PM:ERROR:publisher.cc(763)] Publisher info not found
[Jun 29, 2021, 5:37:57.5 PM:ERROR:publisher.cc(763)] Publisher info not found
[Jun 29, 2021, 6:40:39.5 PM:ERROR:publisher.cc(763)] Publisher info not found
[Jun 30, 2021, 1:40:30.5 AM:ERROR:publisher.cc(763)] Publisher info not found
[Jun 30, 2021, 2:29:01.6 AM:ERROR:publisher.cc(763)] Publisher info not found
--------------------------------------------------------------------------------
[Jun 30, 2021, 3:25:29.7 AM:ERROR:publisher.cc(763)] Publisher info not found
[Jun 30, 2021, 3:31:44.7 AM:ERROR:publisher.cc(763)] Publisher info not found
[Jun 30, 2021, 2:08:01.2 PM:ERROR:publisher.cc(763)] Publisher info not found
[Jun 30, 2021, 2:08:16.7 PM:ERROR:publisher.cc(763)] Publisher info not found
[Jun 30, 2021, 2:13:45.6 PM:ERROR:publisher.cc(763)] Publisher info not found
[Jul 01, 2021, 12:33:10.1 AM:ERROR:publisher.cc(763)] Publisher info not found
[Jul 01, 2021, 12:36:42.5 AM:ERROR:publisher.cc(763)] Publisher info not found
[Jul 01, 2021, 12:49:43.9 AM:ERROR:refill_unblinded_tokens.cc(189)] Failed to get signed tokens
[Jul 01, 2021, 1:05:38.3 AM:ERROR:publisher.cc(763)] Publisher info not found
[Jul 01, 2021, 1:33:12.0 AM:ERROR:publisher.cc(763)] Publisher info not found
[Jul 01, 2021, 1:38:25.1 AM:ERROR:publisher.cc(763)] Publisher info not found
[Jul 01, 2021, 1:55:19.9 AM:ERROR:publisher.cc(763)] Publisher info not found
[Jul 01, 2021, 2:02:02.5 AM:ERROR:publisher.cc(763)] Publisher info not found
[Jul 01, 2021, 2:02:42.9 AM:ERROR:publisher.cc(763)] Publisher info not found
[Jul 01, 2021, 2:12:41.8 AM:ERROR:publisher.cc(763)] Publisher info not found
[Jul 01, 2021, 2:23:24.3 AM:ERROR:publisher.cc(763)] Publisher info not found
[Jul 01, 2021, 2:23:38.3 AM:ERROR:publisher.cc(763)] Publisher info not found
[Jul 01, 2021, 2:46:52.0 AM:ERROR:publisher.cc(763)] Publisher info not found
[Jul 01, 2021, 2:50:41.1 AM:ERROR:publisher.cc(763)] Publisher info not found
[Jul 01, 2021, 2:55:15.3 AM:ERROR:publisher.cc(763)] Publisher info not found
[Jul 01, 2021, 3:18:32.5 AM:ERROR:publisher.cc(763)] Publisher info not found
[Jul 01, 2021, 3:21:34.2 AM:ERROR:publisher.cc(763)] Publisher info not found
[Jul 01, 2021, 3:21:39.4 AM:ERROR:publisher.cc(763)] Publisher info not found
[Jul 01, 2021, 3:21:45.5 AM:ERROR:publisher.cc(763)] Publisher info not found
[Jul 01, 2021, 3:27:20.6 AM:ERROR:publisher.cc(763)] Publisher info not found
[Jul 01, 2021, 3:32:04.2 AM:ERROR:publisher.cc(763)] Publisher info not found
[Jul 01, 2021, 3:33:23.0 AM:ERROR:publisher.cc(763)] Publisher info not found
[Jul 01, 2021, 3:37:03.9 AM:ERROR:publisher.cc(763)] Publisher info not found
[Jul 01, 2021, 3:47:44.1 AM:ERROR:publisher.cc(763)] Publisher info not found
[Jul 01, 2021, 4:04:02.8 AM:ERROR:publisher.cc(763)] Publisher info not found
[Jul 01, 2021, 4:08:01.5 AM:ERROR:publisher.cc(763)] Publisher info not found
[Jul 01, 2021, 4:24:09.0 AM:ERROR:publisher.cc(763)] Publisher info not found
[Jul 01, 2021, 5:12:37.6 AM:ERROR:publisher.cc(763)] Publisher info not found
[Jul 01, 2021, 5:29:08.3 AM:ERROR:publisher.cc(763)] Publisher info not found
[Jul 01, 2021, 5:48:08.1 AM:ERROR:publisher.cc(763)] Publisher info not found
[Jul 01, 2021, 5:48:08.1 AM:ERROR:publisher.cc(763)] Publisher info not found
--------------------------------------------------------------------------------
[Jul 01, 2021, 6:11:26.7 PM:ERROR:publisher.cc(763)] Publisher info not found
[Jul 01, 2021, 6:18:33.1 PM:ERROR:publisher.cc(763)] Publisher info not found
[Jul 01, 2021, 6:44:08.7 PM:ERROR:publisher.cc(763)] Publisher info not found
[Jul 01, 2021, 6:44:11.1 PM:ERROR:publisher.cc(763)] Publisher info not found
[Jul 01, 2021, 6:48:43.6 PM:ERROR:publisher.cc(763)] Publisher info not found
[Jul 01, 2021, 6:55:13.2 PM:ERROR:publisher.cc(763)] Publisher info not found
[Jul 01, 2021, 6:56:04.9 PM:ERROR:publisher.cc(763)] Publisher info not found
[Jul 01, 2021, 6:56:27.5 PM:ERROR:publisher.cc(763)] Publisher info not found
[Jul 01, 2021, 7:01:54.1 PM:ERROR:publisher.cc(763)] Publisher info not found
[Jul 01, 2021, 7:02:04.3 PM:ERROR:publisher.cc(763)] Publisher info not found
[Jul 01, 2021, 7:10:59.1 PM:ERROR:publisher.cc(763)] Publisher info not found
[Jul 01, 2021, 7:11:08.6 PM:ERROR:publisher.cc(763)] Publisher info not found
[Jul 01, 2021, 7:12:32.2 PM:ERROR:publisher.cc(763)] Publisher info not found
[Jul 01, 2021, 7:13:14.8 PM:ERROR:publisher.cc(763)] Publisher info not found
[Jul 01, 2021, 7:15:50.8 PM:ERROR:publisher.cc(763)] Publisher info not found
[Jul 01, 2021, 7:16:07.6 PM:ERROR:publisher.cc(763)] Publisher info not found
[Jul 01, 2021, 7:21:15.5 PM:ERROR:publisher.cc(763)] Publisher info not found
[Jul 01, 2021, 7:21:34.7 PM:ERROR:publisher.cc(763)] Publisher info not found
[Jul 01, 2021, 7:21:49.6 PM:ERROR:publisher.cc(763)] Publisher info not found
[Jul 01, 2021, 7:22:12.8 PM:ERROR:publisher.cc(763)] Publisher info not found
[Jul 01, 2021, 7:26:15.7 PM:ERROR:publisher.cc(763)] Publisher info not found
[Jul 01, 2021, 7:26:57.4 PM:ERROR:publisher.cc(763)] Publisher info not found
[Jul 01, 2021, 7:27:01.4 PM:ERROR:publisher.cc(763)] Publisher info not found
[Jul 01, 2021, 7:47:08.9 PM:ERROR:publisher.cc(763)] Publisher info not found
[Jul 01, 2021, 8:16:21.1 PM:ERROR:publisher.cc(763)] Publisher info not found
[Jul 01, 2021, 11:19:31.7 PM:ERROR:refill_unblinded_tokens.cc(189)] Failed to get signed tokens
[Jul 01, 2021, 11:29:42.8 PM:ERROR:publisher.cc(763)] Publisher info not found
--------------------------------------------------------------------------------
[Jul 02, 2021, 2:38:44.3 AM:ERROR:publisher.cc(763)] Publisher info not found
[Jul 02, 2021, 4:36:57.2 AM:ERROR:publisher.cc(763)] Publisher info not found
[Jul 02, 2021, 4:37:15.4 AM:ERROR:publisher.cc(763)] Publisher info not found
[Jul 02, 2021, 8:36:11.3 PM:ERROR:publisher.cc(763)] Publisher info not found
[Jul 02, 2021, 9:34:50.3 PM:ERROR:publisher.cc(763)] Publisher info not found
[Jul 02, 2021, 9:38:22.2 PM:ERROR:publisher.cc(763)] Publisher info not found
[Jul 02, 2021, 9:40:26.2 PM:ERROR:publisher.cc(763)] Publisher info not found
[Jul 03, 2021, 12:11:38.9 AM:ERROR:publisher.cc(834)] Failed to retrieve publisher info while updating media duration
[Jul 03, 2021, 12:11:38.9 AM:ERROR:publisher.cc(834)] Failed to retrieve publisher info while updating media duration
[Jul 03, 2021, 12:11:38.9 AM:ERROR:publisher.cc(834)] Failed to retrieve publisher info while updating media duration
[Jul 03, 2021, 12:11:38.9 AM:ERROR:publisher.cc(834)] Failed to retrieve publisher info while updating media duration
[Jul 03, 2021, 12:11:38.9 AM:ERROR:publisher.cc(834)] Failed to retrieve publisher info while updating media duration
[Jul 03, 2021, 12:11:39.1 AM:ERROR:publisher.cc(763)] Publisher info not found
[Jul 03, 2021, 12:19:30.7 AM:ERROR:publisher.cc(763)] Publisher info not found
[Jul 03, 2021, 1:08:00.1 AM:ERROR:publisher.cc(763)] Publisher info not found
[Jul 03, 2021, 1:08:04.4 AM:ERROR:publisher.cc(763)] Publisher info not found
[Jul 03, 2021, 1:11:13.9 AM:ERROR:publisher.cc(763)] Publisher info not found
--------------------------------------------------------------------------------
[Jul 03, 2021, 2:48:57.2 AM:ERROR:publisher.cc(763)] Publisher info not found
[Jul 03, 2021, 3:36:47.5 PM:ERROR:publisher.cc(763)] Publisher info not found
[Jul 03, 2021, 3:37:03.4 PM:ERROR:publisher.cc(763)] Publisher info not found
[Jul 03, 2021, 3:37:03.4 PM:ERROR:publisher.cc(763)] Publisher info not found
[Jul 03, 2021, 3:39:16.8 PM:ERROR:publisher.cc(763)] Publisher info not found
[Jul 03, 2021, 3:39:16.8 PM:ERROR:publisher.cc(763)] Publisher info not found
[Jul 03, 2021, 3:48:15.5 PM:ERROR:publisher.cc(763)] Publisher info not found
--------------------------------------------------------------------------------
[Jul 03, 2021, 8:14:15.1 PM:ERROR:publisher.cc(763)] Publisher info not found
[Jul 03, 2021, 9:00:02.6 PM:ERROR:publisher.cc(763)] Publisher info not found
--------------------------------------------------------------------------------
[Jul 04, 2021, 2:01:04.2 PM:ERROR:refill_unblinded_tokens.cc(189)] Failed to get signed tokens
[Jul 04, 2021, 3:12:58.3 PM:ERROR:publisher.cc(763)] Publisher info not found
[Jul 04, 2021, 3:17:15.1 PM:ERROR:publisher.cc(763)] Publisher info not found
[Jul 04, 2021, 3:37:40.3 PM:ERROR:publisher.cc(763)] Publisher info not found
[Jul 04, 2021, 4:00:46.2 PM:ERROR:publisher.cc(763)] Publisher info not found
[Jul 04, 2021, 5:58:35.3 PM:ERROR:publisher.cc(763)] Publisher info not found
[Jul 04, 2021, 6:08:50.3 PM:ERROR:publisher.cc(763)] Publisher info not found
[Jul 04, 2021, 6:14:18.8 PM:ERROR:publisher.cc(763)] Publisher info not found
[Jul 04, 2021, 8:47:28.4 PM:ERROR:publisher.cc(763)] Publisher info not found
[Jul 04, 2021, 8:48:41.8 PM:ERROR:publisher.cc(763)] Publisher info not found
[Jul 04, 2021, 8:53:26.8 PM:ERROR:publisher.cc(763)] Publisher info not found
[Jul 04, 2021, 9:26:26.0 PM:ERROR:publisher.cc(763)] Publisher info not found
[Jul 04, 2021, 9:32:14.0 PM:ERROR:publisher.cc(763)] Publisher info not found
[Jul 04, 2021, 9:35:09.6 PM:ERROR:publisher.cc(763)] Publisher info not found
[Jul 04, 2021, 9:52:19.5 PM:ERROR:publisher.cc(763)] Publisher info not found
[Jul 04, 2021, 10:15:25.1 PM:ERROR:publisher.cc(763)] Publisher info not found
[Jul 04, 2021, 11:09:10.9 PM:ERROR:publisher.cc(763)] Publisher info not found
[Jul 04, 2021, 11:10:29.5 PM:ERROR:publisher.cc(763)] Publisher info not found
[Jul 04, 2021, 11:15:26.8 PM:ERROR:publisher.cc(763)] Publisher info not found
--------------------------------------------------------------------------------
[Jul 04, 2021, 11:20:13.1 PM:ERROR:publisher.cc(763)] Publisher info not found
[Jul 04, 2021, 11:41:09.8 PM:ERROR:publisher.cc(763)] Publisher info not found
[Jul 04, 2021, 11:41:39.8 PM:ERROR:publisher.cc(763)] Publisher info not found
[Jul 04, 2021, 11:48:24.0 PM:ERROR:publisher.cc(763)] Publisher info not found
[Jul 04, 2021, 11:48:38.5 PM:ERROR:publisher.cc(763)] Publisher info not found
[Jul 05, 2021, 12:00:43.5 AM:ERROR:publisher.cc(763)] Publisher info not found
[Jul 05, 2021, 12:03:04.0 AM:ERROR:publisher.cc(763)] Publisher info not found
[Jul 05, 2021, 12:05:57.0 AM:ERROR:publisher.cc(763)] Publisher info not found
[Jul 05, 2021, 12:27:39.6 AM:ERROR:publisher.cc(763)] Publisher info not found
[Jul 05, 2021, 12:29:18.3 AM:ERROR:publisher.cc(763)] Publisher info not found
[Jul 05, 2021, 3:02:33.0 PM:ERROR:publisher.cc(763)] Publisher info not found
[Jul 05, 2021, 4:21:52.8 PM:ERROR:publisher.cc(763)] Publisher info not found
[Jul 05, 2021, 5:04:43.4 PM:ERROR:publisher.cc(763)] Publisher info not found
[Jul 05, 2021, 7:32:48.8 PM:ERROR:publisher.cc(763)] Publisher info not found
[Jul 05, 2021, 8:06:43.1 PM:ERROR:publisher.cc(763)] Publisher info not found
[Jul 05, 2021, 8:07:38.3 PM:ERROR:publisher.cc(763)] Publisher info not found
[Jul 05, 2021, 8:09:22.3 PM:ERROR:publisher.cc(763)] Publisher info not found
[Jul 05, 2021, 9:17:38.6 PM:ERROR:publisher.cc(763)] Publisher info not found
[Jul 05, 2021, 9:18:47.2 PM:ERROR:publisher.cc(763)] Publisher info not found
[Jul 05, 2021, 9:19:13.3 PM:ERROR:publisher.cc(763)] Publisher info not found
[Jul 05, 2021, 10:09:31.5 PM:ERROR:publisher.cc(763)] Publisher info not found
[Jul 05, 2021, 10:19:09.9 PM:ERROR:publisher.cc(763)] Publisher info not found
[Jul 05, 2021, 10:22:15.4 PM:ERROR:publisher.cc(763)] Publisher info not found
[Jul 05, 2021, 11:14:14.9 PM:ERROR:publisher.cc(763)] Publisher info not found
[Jul 05, 2021, 11:34:57.0 PM:ERROR:refill_unblinded_tokens.cc(189)] Failed to get signed tokens
[Jul 05, 2021, 11:47:38.9 PM:ERROR:publisher.cc(763)] Publisher info not found
[Jul 05, 2021, 11:52:46.2 PM:ERROR:publisher.cc(763)] Publisher info not found
[Jul 05, 2021, 11:56:02.4 PM:ERROR:publisher.cc(763)] Publisher info not found
[Jul 05, 2021, 11:56:15.2 PM:ERROR:publisher.cc(763)] Publisher info not found
[Jul 05, 2021, 11:59:11.8 PM:ERROR:publisher.cc(763)] Publisher info not found
[Jul 06, 2021, 1:29:47.7 AM:ERROR:publisher.cc(763)] Publisher info not found
[Jul 06, 2021, 1:33:03.0 AM:ERROR:publisher.cc(763)] Publisher info not found
[Jul 06, 2021, 2:26:34.4 AM:ERROR:publisher.cc(763)] Publisher info not found
[Jul 06, 2021, 2:26:51.2 AM:ERROR:publisher.cc(763)] Publisher info not found
[Jul 06, 2021, 2:28:07.7 AM:ERROR:publisher.cc(763)] Publisher info not found
[Jul 06, 2021, 2:37:11.9 AM:ERROR:publisher.cc(763)] Publisher info not found
[Jul 06, 2021, 2:37:30.0 AM:ERROR:publisher.cc(763)] Publisher info not found
[Jul 06, 2021, 3:32:51.8 PM:ERROR:publisher.cc(763)] Publisher info not found
[Jul 07, 2021, 2:21:52.4 AM:ERROR:publisher.cc(763)] Publisher info not found
[Jul 07, 2021, 2:21:52.4 AM:ERROR:publisher.cc(763)] Publisher info not found
[Jul 07, 2021, 2:41:08.6 AM:ERROR:publisher.cc(763)] Publisher info not found
[Jul 07, 2021, 3:00:40.7 AM:ERROR:publisher.cc(763)] Publisher info not found
[Jul 07, 2021, 3:02:20.4 AM:ERROR:publisher.cc(763)] Publisher info not found
[Jul 07, 2021, 3:04:20.8 AM:ERROR:publisher.cc(763)] Publisher info not found
[Jul 07, 2021, 3:06:32.5 AM:ERROR:publisher.cc(763)] Publisher info not found
[Jul 07, 2021, 3:10:45.6 AM:ERROR:publisher.cc(763)] Publisher info not found
[Jul 07, 2021, 4:23:38.4 AM:ERROR:publisher.cc(763)] Publisher info not found
[Jul 07, 2021, 4:23:51.0 AM:ERROR:publisher.cc(763)] Publisher info not found
[Jul 07, 2021, 4:24:34.5 AM:ERROR:publisher.cc(763)] Publisher info not found
--------------------------------------------------------------------------------
[Jul 08, 2021, 1:43:52.5 AM:ERROR:publisher.cc(763)] Publisher info not found
[Jul 08, 2021, 1:44:09.7 AM:ERROR:publisher.cc(763)] Publisher info not found
[Jul 08, 2021, 1:45:03.8 AM:ERROR:publisher.cc(763)] Publisher info not found
[Jul 08, 2021, 2:20:33.9 AM:ERROR:publisher.cc(763)] Publisher info not found
[Jul 08, 2021, 2:25:15.5 AM:ERROR:publisher.cc(763)] Publisher info not found
[Jul 08, 2021, 3:12:26.9 AM:ERROR:publisher.cc(763)] Publisher info not found
[Jul 08, 2021, 3:34:54.6 AM:ERROR:publisher.cc(763)] Publisher info not found
[Jul 08, 2021, 3:35:37.8 AM:ERROR:publisher.cc(763)] Publisher info not found
[Jul 08, 2021, 3:49:09.7 AM:ERROR:publisher.cc(763)] Publisher info not found
[Jul 08, 2021, 3:49:29.7 AM:ERROR:publisher.cc(763)] Publisher info not found
[Jul 08, 2021, 3:51:54.0 AM:ERROR:publisher.cc(763)] Publisher info not found
[Jul 08, 2021, 4:14:35.8 AM:ERROR:publisher.cc(763)] Publisher info not found
[Jul 08, 2021, 4:14:35.8 AM:ERROR:publisher.cc(763)] Publisher info not found
[Jul 08, 2021, 4:14:35.8 AM:ERROR:publisher.cc(763)] Publisher info not found
[Jul 08, 2021, 4:16:18.7 AM:ERROR:publisher.cc(763)] Publisher info not found
[Jul 08, 2021, 4:18:59.7 AM:ERROR:publisher.cc(763)] Publisher info not found
[Jul 08, 2021, 4:20:15.3 AM:ERROR:publisher.cc(763)] Publisher info not found
[Jul 08, 2021, 4:23:51.2 AM:ERROR:publisher.cc(763)] Publisher info not found
[Jul 08, 2021, 4:25:30.3 AM:ERROR:publisher.cc(763)] Publisher info not found
[Jul 08, 2021, 4:36:31.0 AM:ERROR:publisher.cc(763)] Publisher info not found
[Jul 08, 2021, 4:41:23.3 AM:ERROR:publisher.cc(763)] Publisher info not found
[Jul 08, 2021, 4:44:28.0 AM:ERROR:publisher.cc(763)] Publisher info not found
[Jul 08, 2021, 4:46:44.1 AM:ERROR:publisher.cc(763)] Publisher info not found
--------------------------------------------------------------------------------
[Jul 08, 2021, 4:49:02.1 PM:ERROR:publisher.cc(763)] Publisher info not found
[Jul 08, 2021, 5:08:34.8 PM:ERROR:publisher.cc(763)] Publisher info not found
[Jul 08, 2021, 5:20:24.8 PM:ERROR:publisher.cc(763)] Publisher info not found
[Jul 08, 2021, 5:52:24.8 PM:ERROR:publisher.cc(763)] Publisher info not found
[Jul 08, 2021, 5:53:12.1 PM:ERROR:publisher.cc(763)] Publisher info not found
[Jul 08, 2021, 5:57:50.3 PM:ERROR:publisher.cc(763)] Publisher info not found
[Jul 08, 2021, 5:57:50.3 PM:ERROR:publisher.cc(763)] Publisher info not found
[Jul 08, 2021, 6:11:58.8 PM:ERROR:publisher.cc(763)] Publisher info not found
[Jul 08, 2021, 6:11:58.8 PM:ERROR:publisher.cc(763)] Publisher info not found
[Jul 09, 2021, 12:35:35.9 AM:ERROR:publisher.cc(834)] Failed to retrieve publisher info while updating media duration
[Jul 09, 2021, 12:35:35.9 AM:ERROR:publisher.cc(834)] Failed to retrieve publisher info while updating media duration
[Jul 09, 2021, 12:35:35.9 AM:ERROR:publisher.cc(834)] Failed to retrieve publisher info while updating media duration
[Jul 09, 2021, 12:35:35.9 AM:ERROR:publisher.cc(834)] Failed to retrieve publisher info while updating media duration
[Jul 09, 2021, 12:35:35.9 AM:ERROR:publisher.cc(763)] Publisher info not found
[Jul 09, 2021, 1:21:23.7 AM:ERROR:publisher.cc(763)] Publisher info not found
[Jul 09, 2021, 1:46:31.8 AM:ERROR:publisher.cc(763)] Publisher info not found
[Jul 09, 2021, 2:31:50.9 AM:ERROR:publisher.cc(763)] Publisher info not found
[Jul 09, 2021, 2:57:59.6 AM:ERROR:publisher.cc(763)] Publisher info not found
[Jul 09, 2021, 3:12:20.1 AM:ERROR:publisher.cc(763)] Publisher info not found
[Jul 09, 2021, 3:48:49.2 AM:ERROR:publisher.cc(763)] Publisher info not found
[Jul 09, 2021, 4:09:07.3 AM:ERROR:publisher.cc(763)] Publisher info not found
[Jul 09, 2021, 5:22:46.7 AM:ERROR:publisher.cc(763)] Publisher info not found
[Jul 09, 2021, 2:36:05.0 PM:ERROR:get_parameters.cc(53)] Unexpected HTTP status: -1
[Jul 09, 2021, 2:37:39.0 PM:ERROR:get_parameters.cc(53)] Unexpected HTTP status: -1
[Jul 09, 2021, 2:43:12.1 PM:ERROR:get_parameters.cc(53)] Unexpected HTTP status: -1
[Jul 09, 2021, 2:44:51.1 PM:ERROR:get_parameters.cc(53)] Unexpected HTTP status: -1
[Jul 09, 2021, 3:02:37.1 PM:ERROR:get_parameters.cc(53)] Unexpected HTTP status: -1
[Jul 09, 2021, 3:03:03.1 PM:ERROR:get_parameters.cc(53)] Unexpected HTTP status: -1
[Jul 09, 2021, 3:04:02.1 PM:ERROR:get_parameters.cc(53)] Unexpected HTTP status: -1
[Jul 09, 2021, 3:08:18.1 PM:ERROR:get_parameters.cc(53)] Unexpected HTTP status: -1
[Jul 09, 2021, 3:12:03.1 PM:ERROR:get_parameters.cc(53)] Unexpected HTTP status: -1
[Jul 09, 2021, 3:26:01.1 PM:ERROR:get_parameters.cc(53)] Unexpected HTTP status: -1
[Jul 09, 2021, 3:26:23.2 PM:ERROR:get_parameters.cc(53)] Unexpected HTTP status: -1
[Jul 09, 2021, 3:27:50.2 PM:ERROR:get_parameters.cc(53)] Unexpected HTTP status: -1
[Jul 09, 2021, 3:28:35.2 PM:ERROR:get_parameters.cc(53)] Unexpected HTTP status: -1
[Jul 09, 2021, 3:34:34.2 PM:ERROR:get_parameters.cc(53)] Unexpected HTTP status: -1
[Jul 09, 2021, 3:42:15.2 PM:ERROR:get_parameters.cc(53)] Unexpected HTTP status: -1
[Jul 09, 2021, 3:52:43.2 PM:ERROR:get_parameters.cc(53)] Unexpected HTTP status: -1
[Jul 09, 2021, 4:21:21.2 PM:ERROR:get_parameters.cc(53)] Unexpected HTTP status: -1
[Jul 09, 2021, 4:31:24.3 PM:ERROR:get_parameters.cc(53)] Unexpected HTTP status: -1
[Jul 09, 2021, 4:43:55.0 PM:ERROR:get_available.cc(69)] Unexpected HTTP status: -1
[Jul 09, 2021, 4:50:03.3 PM:ERROR:get_parameters.cc(53)] Unexpected HTTP status: -1
[Jul 09, 2021, 4:54:40.3 PM:ERROR:get_parameters.cc(53)] Unexpected HTTP status: -1
[Jul 09, 2021, 5:01:42.3 PM:ERROR:get_parameters.cc(53)] Unexpected HTTP status: -1
[Jul 09, 2021, 5:02:17.3 PM:ERROR:get_parameters.cc(53)] Unexpected HTTP status: -1
[Jul 09, 2021, 5:05:16.3 PM:ERROR:get_parameters.cc(53)] Unexpected HTTP status: -1
[Jul 09, 2021, 5:25:52.3 PM:ERROR:get_parameters.cc(53)] Unexpected HTTP status: -1
[Jul 09, 2021, 5:31:11.3 PM:ERROR:get_parameters.cc(53)] Unexpected HTTP status: -1
[Jul 09, 2021, 5:34:08.4 PM:ERROR:get_parameters.cc(53)] Unexpected HTTP status: -1
[Jul 09, 2021, 5:36:31.4 PM:ERROR:get_parameters.cc(53)] Unexpected HTTP status: -1
[Jul 09, 2021, 5:38:06.4 PM:ERROR:get_parameters.cc(53)] Unexpected HTTP status: -1
[Jul 09, 2021, 5:50:07.4 PM:ERROR:get_parameters.cc(53)] Unexpected HTTP status: -1
[Jul 09, 2021, 5:52:55.4 PM:ERROR:get_parameters.cc(53)] Unexpected HTTP status: -1
[Jul 09, 2021, 6:00:48.4 PM:ERROR:get_parameters.cc(53)] Unexpected HTTP status: -1
[Jul 09, 2021, 7:06:13.0 PM:ERROR:publisher.cc(763)] Publisher info not found
[Jul 09, 2021, 7:07:15.1 PM:ERROR:refill_unblinded_tokens.cc(189)] Failed to get signed tokens
[Jul 09, 2021, 7:14:01.8 PM:ERROR:publisher.cc(763)] Publisher info not found
[Jul 09, 2021, 8:24:26.3 PM:ERROR:publisher.cc(763)] Publisher info not found
[Jul 09, 2021, 10:21:12.1 PM:ERROR:publisher.cc(763)] Publisher info not found
[Jul 09, 2021, 11:25:11.8 PM:ERROR:publisher.cc(763)] Publisher info not found
[Jul 09, 2021, 11:25:11.8 PM:ERROR:publisher.cc(763)] Publisher info not found
[Jul 09, 2021, 11:48:03.2 PM:ERROR:publisher.cc(763)] Publisher info not found
[Jul 09, 2021, 11:48:21.1 PM:ERROR:publisher.cc(763)] Publisher info not found
[Jul 09, 2021, 11:49:13.2 PM:ERROR:publisher.cc(763)] Publisher info not found
[Jul 09, 2021, 11:51:03.6 PM:ERROR:publisher.cc(763)] Publisher info not found
[Jul 09, 2021, 11:51:24.1 PM:ERROR:publisher.cc(763)] Publisher info not found
[Jul 09, 2021, 11:52:34.8 PM:ERROR:publisher.cc(763)] Publisher info not found
[Jul 09, 2021, 11:54:58.3 PM:ERROR:publisher.cc(763)] Publisher info not found
[Jul 09, 2021, 11:57:27.3 PM:ERROR:publisher.cc(763)] Publisher info not found
[Jul 10, 2021, 12:01:32.8 AM:ERROR:publisher.cc(763)] Publisher info not found
[Jul 10, 2021, 12:01:32.8 AM:ERROR:publisher.cc(763)] Publisher info not found
[Jul 10, 2021, 12:26:19.3 AM:ERROR:publisher.cc(763)] Publisher info not found
[Jul 10, 2021, 12:26:35.1 AM:ERROR:publisher.cc(763)] Publisher info not found
[Jul 10, 2021, 12:26:49.6 AM:ERROR:publisher.cc(763)] Publisher info not found
[Jul 10, 2021, 12:34:08.2 AM:ERROR:publisher.cc(763)] Publisher info not found
[Jul 10, 2021, 12:37:37.3 AM:ERROR:publisher.cc(763)] Publisher info not found
[Jul 10, 2021, 12:51:09.9 AM:ERROR:publisher.cc(763)] Publisher info not found
[Jul 10, 2021, 1:31:18.0 AM:ERROR:publisher.cc(763)] Publisher info not found
[Jul 10, 2021, 1:31:27.6 AM:ERROR:publisher.cc(763)] Publisher info not found
[Jul 10, 2021, 3:43:51.8 AM:ERROR:publisher.cc(763)] Publisher info not found
[Jul 10, 2021, 3:44:11.7 AM:ERROR:publisher.cc(763)] Publisher info not found
[Jul 10, 2021, 3:55:10.4 AM:ERROR:publisher.cc(763)] Publisher info not found
[Jul 10, 2021, 3:56:19.2 AM:ERROR:publisher.cc(763)] Publisher info not found
[Jul 10, 2021, 3:56:39.1 AM:ERROR:publisher.cc(763)] Publisher info not found
[Jul 10, 2021, 4:00:53.8 AM:ERROR:publisher.cc(763)] Publisher info not found
[Jul 10, 2021, 4:06:13.9 AM:ERROR:publisher.cc(763)] Publisher info not found
[Jul 10, 2021, 4:06:24.2 AM:ERROR:publisher.cc(763)] Publisher info not found
[Jul 10, 2021, 4:19:21.9 AM:ERROR:publisher.cc(763)] Publisher info not found
[Jul 10, 2021, 4:19:41.3 AM:ERROR:publisher.cc(763)] Publisher info not found
[Jul 10, 2021, 4:20:39.6 AM:ERROR:publisher.cc(763)] Publisher info not found
--------------------------------------------------------------------------------
[Jul 11, 2021, 2:06:16.4 AM:ERROR:publisher.cc(763)] Publisher info not found
[Jul 11, 2021, 2:13:49.4 AM:ERROR:publisher.cc(763)] Publisher info not found
[Jul 11, 2021, 2:47:21.8 AM:ERROR:publisher.cc(763)] Publisher info not found
[Jul 11, 2021, 3:02:51.6 AM:ERROR:publisher.cc(763)] Publisher info not found
[Jul 11, 2021, 3:07:05.7 AM:ERROR:publisher.cc(763)] Publisher info not found
[Jul 11, 2021, 3:25:05.7 AM:ERROR:publisher.cc(763)] Publisher info not found
[Jul 11, 2021, 3:30:41.5 AM:ERROR:publisher.cc(763)] Publisher info not found
[Jul 11, 2021, 3:37:34.9 AM:ERROR:publisher.cc(763)] Publisher info not found
--------------------------------------------------------------------------------
[Jul 11, 2021, 3:55:42.6 AM:ERROR:publisher.cc(763)] Publisher info not found
[Jul 11, 2021, 4:05:31.4 AM:ERROR:publisher.cc(763)] Publisher info not found
--------------------------------------------------------------------------------
[Jul 11, 2021, 4:54:19.4 AM:ERROR:publisher.cc(763)] Publisher info not found
--------------------------------------------------------------------------------
[Jul 12, 2021, 1:13:46.1 AM:ERROR:publisher.cc(834)] Failed to retrieve publisher info while updating media duration
[Jul 12, 2021, 1:13:46.1 AM:ERROR:publisher.cc(834)] Failed to retrieve publisher info while updating media duration
[Jul 12, 2021, 1:13:46.1 AM:ERROR:publisher.cc(834)] Failed to retrieve publisher info while updating media duration
[Jul 12, 2021, 1:13:46.1 AM:ERROR:publisher.cc(834)] Failed to retrieve publisher info while updating media duration
[Jul 12, 2021, 1:13:46.2 AM:ERROR:publisher.cc(834)] Failed to retrieve publisher info while updating media duration
[Jul 12, 2021, 1:13:46.4 AM:ERROR:publisher.cc(763)] Publisher info not found
[Jul 12, 2021, 1:17:13.6 AM:ERROR:publisher.cc(763)] Publisher info not found
[Jul 12, 2021, 1:21:00.7 AM:ERROR:publisher.cc(763)] Publisher info not found
[Jul 12, 2021, 2:25:56.0 AM:ERROR:publisher.cc(763)] Publisher info not found
[Jul 12, 2021, 2:27:36.3 AM:ERROR:publisher.cc(763)] Publisher info not found
[Jul 12, 2021, 2:27:36.3 AM:ERROR:publisher.cc(763)] Publisher info not found
[Jul 12, 2021, 2:31:13.3 AM:ERROR:publisher.cc(763)] Publisher info not found
[Jul 12, 2021, 2:39:30.0 AM:ERROR:publisher.cc(763)] Publisher info not found
[Jul 12, 2021, 2:39:33.0 AM:ERROR:publisher.cc(763)] Publisher info not found
[Jul 12, 2021, 2:39:50.9 AM:ERROR:publisher.cc(763)] Publisher info not found
[Jul 12, 2021, 2:49:31.9 AM:ERROR:publisher.cc(763)] Publisher info not found
[Jul 12, 2021, 2:58:55.2 AM:ERROR:publisher.cc(763)] Publisher info not found
[Jul 12, 2021, 2:59:03.6 AM:ERROR:publisher.cc(763)] Publisher info not found
[Jul 12, 2021, 2:59:13.0 AM:ERROR:publisher.cc(763)] Publisher info not found
[Jul 12, 2021, 3:03:36.3 AM:ERROR:publisher.cc(763)] Publisher info not found
[Jul 12, 2021, 3:03:51.8 AM:ERROR:publisher.cc(763)] Publisher info not found
[Jul 12, 2021, 3:04:02.6 AM:ERROR:publisher.cc(763)] Publisher info not found
[Jul 12, 2021, 3:04:35.1 AM:ERROR:publisher.cc(763)] Publisher info not found
[Jul 12, 2021, 3:09:46.7 AM:ERROR:publisher.cc(763)] Publisher info not found
[Jul 12, 2021, 3:12:42.8 AM:ERROR:publisher.cc(763)] Publisher info not found
[Jul 12, 2021, 3:13:22.9 AM:ERROR:publisher.cc(763)] Publisher info not found
[Jul 12, 2021, 3:16:16.9 AM:ERROR:publisher.cc(763)] Publisher info not found
[Jul 12, 2021, 3:17:24.5 AM:ERROR:publisher.cc(763)] Publisher info not found
[Jul 12, 2021, 3:18:09.2 AM:ERROR:publisher.cc(763)] Publisher info not found
[Jul 12, 2021, 3:19:52.9 AM:ERROR:publisher.cc(763)] Publisher info not found
[Jul 12, 2021, 3:22:05.6 AM:ERROR:publisher.cc(763)] Publisher info not found
[Jul 12, 2021, 3:01:21.9 PM:ERROR:ad_rewards.cc(280)] Payment balance is not ready
[Jul 12, 2021, 3:04:34.0 PM:ERROR:ad_rewards.cc(280)] Payment balance is not ready
[Jul 12, 2021, 3:12:13.4 PM:ERROR:ad_rewards.cc(280)] Payment balance is not ready
[Jul 12, 2021, 3:13:16.6 PM:ERROR:ad_rewards.cc(280)] Payment balance is not ready
[Jul 12, 2021, 3:17:42.9 PM:ERROR:ad_rewards.cc(280)] Payment balance is not ready
[Jul 12, 2021, 4:18:32.2 PM:ERROR:get_available.cc(69)] Unexpected HTTP status: 502
[Jul 12, 2021, 9:54:23.5 PM:ERROR:publisher.cc(763)] Publisher info not found
[Jul 12, 2021, 10:24:33.4 PM:ERROR:publisher.cc(763)] Publisher info not found
[Jul 12, 2021, 10:26:22.6 PM:ERROR:publisher.cc(763)] Publisher info not found
[Jul 12, 2021, 10:38:20.6 PM:ERROR:publisher.cc(763)] Publisher info not found
[Jul 12, 2021, 11:17:19.2 PM:ERROR:publisher.cc(763)] Publisher info not found
[Jul 12, 2021, 11:19:19.1 PM:ERROR:publisher.cc(763)] Publisher info not found
[Jul 12, 2021, 11:29:36.5 PM:ERROR:publisher.cc(763)] Publisher info not found
[Jul 12, 2021, 11:41:10.5 PM:ERROR:publisher.cc(763)] Publisher info not found
[Jul 12, 2021, 11:41:35.4 PM:ERROR:publisher.cc(763)] Publisher info not found
[Jul 12, 2021, 11:43:28.9 PM:ERROR:publisher.cc(763)] Publisher info not found
[Jul 12, 2021, 11:45:58.5 PM:ERROR:publisher.cc(763)] Publisher info not found
[Jul 12, 2021, 11:47:31.3 PM:ERROR:publisher.cc(763)] Publisher info not found
[Jul 12, 2021, 11:48:45.4 PM:ERROR:publisher.cc(763)] Publisher info not found
[Jul 12, 2021, 11:51:22.1 PM:ERROR:publisher.cc(763)] Publisher info not found
[Jul 12, 2021, 11:51:39.1 PM:ERROR:publisher.cc(763)] Publisher info not found
[Jul 13, 2021, 12:29:22.9 AM:ERROR:publisher.cc(763)] Publisher info not found
[Jul 13, 2021, 12:32:24.3 AM:ERROR:publisher.cc(763)] Publisher info not found
[Jul 13, 2021, 12:33:33.9 AM:ERROR:publisher.cc(763)] Publisher info not found
[Jul 13, 2021, 12:33:39.9 AM:ERROR:publisher.cc(763)] Publisher info not found
[Jul 13, 2021, 12:34:30.7 AM:ERROR:publisher.cc(763)] Publisher info not found
[Jul 13, 2021, 12:34:48.6 AM:ERROR:publisher.cc(763)] Publisher info not found
[Jul 13, 2021, 12:35:36.8 AM:ERROR:publisher.cc(763)] Publisher info not found
[Jul 13, 2021, 12:38:08.1 AM:ERROR:publisher.cc(763)] Publisher info not found
[Jul 13, 2021, 12:41:10.9 AM:ERROR:publisher.cc(763)] Publisher info not found
[Jul 13, 2021, 12:51:53.6 AM:ERROR:publisher.cc(763)] Publisher info not found
[Jul 13, 2021, 12:52:30.8 AM:ERROR:publisher.cc(763)] Publisher info not found
[Jul 13, 2021, 12:53:57.0 AM:ERROR:publisher.cc(763)] Publisher info not found
[Jul 13, 2021, 12:57:41.4 AM:ERROR:publisher.cc(763)] Publisher info not found
[Jul 13, 2021, 1:02:03.8 AM:ERROR:publisher.cc(763)] Publisher info not found
[Jul 13, 2021, 1:03:47.5 AM:ERROR:publisher.cc(763)] Publisher info not found
[Jul 13, 2021, 1:07:02.9 AM:ERROR:publisher.cc(763)] Publisher info not found
[Jul 13, 2021, 1:09:53.1 AM:ERROR:publisher.cc(763)] Publisher info not found
[Jul 13, 2021, 1:38:53.3 AM:ERROR:publisher.cc(763)] Publisher info not found
[Jul 13, 2021, 1:45:29.4 AM:ERROR:publisher.cc(763)] Publisher info not found
[Jul 13, 2021, 1:45:29.4 AM:ERROR:publisher.cc(763)] Publisher info not found
[Jul 13, 2021, 1:55:05.2 AM:ERROR:publisher.cc(763)] Publisher info not found
[Jul 13, 2021, 2:13:15.1 AM:ERROR:publisher.cc(763)] Publisher info not found
[Jul 13, 2021, 2:15:36.7 AM:ERROR:publisher.cc(763)] Publisher info not found
[Jul 13, 2021, 2:16:44.6 AM:ERROR:publisher.cc(763)] Publisher info not found
[Jul 13, 2021, 2:20:42.2 AM:ERROR:publisher.cc(763)] Publisher info not found
[Jul 13, 2021, 2:21:09.3 AM:ERROR:publisher.cc(763)] Publisher info not found
[Jul 13, 2021, 2:24:04.1 AM:ERROR:publisher.cc(763)] Publisher info not found
[Jul 13, 2021, 2:24:15.5 AM:ERROR:publisher.cc(763)] Publisher info not found
[Jul 13, 2021, 2:31:15.8 AM:ERROR:publisher.cc(763)] Publisher info not found
[Jul 13, 2021, 3:44:43.3 AM:ERROR:publisher.cc(763)] Publisher info not found
[Jul 13, 2021, 10:00:52.2 AM:ERROR:ad_rewards.cc(280)] Payment balance is not ready
[Jul 13, 2021, 11:40:42.4 AM:ERROR:ad_rewards.cc(280)] Payment balance is not ready
[Jul 13, 2021, 11:48:29.6 AM:ERROR:ad_rewards.cc(280)] Payment balance is not ready
[Jul 13, 2021, 2:51:34.8 PM:ERROR:ad_rewards.cc(280)] Payment balance is not ready
[Jul 13, 2021, 3:22:33.1 PM:ERROR:ad_rewards.cc(280)] Payment balance is not ready
[Jul 13, 2021, 4:19:16.5 PM:ERROR:ad_rewards.cc(280)] Payment balance is not ready
[Jul 13, 2021, 4:30:10.7 PM:ERROR:ad_rewards.cc(280)] Payment balance is not ready
[Jul 13, 2021, 4:40:34.5 PM:ERROR:ad_rewards.cc(280)] Payment balance is not ready
[Jul 13, 2021, 5:30:03.4 PM:ERROR:publisher.cc(763)] Publisher info not found
[Jul 13, 2021, 5:30:50.7 PM:ERROR:refill_unblinded_tokens.cc(189)] Failed to get signed tokens
[Jul 13, 2021, 5:38:09.2 PM:ERROR:publisher.cc(763)] Publisher info not found
[Jul 13, 2021, 5:39:37.7 PM:ERROR:publisher.cc(763)] Publisher info not found
[Jul 13, 2021, 5:50:23.8 PM:ERROR:ad_rewards.cc(280)] Payment balance is not ready
[Jul 13, 2021, 6:02:11.2 PM:ERROR:publisher.cc(763)] Publisher info not found
[Jul 13, 2021, 6:11:51.2 PM:ERROR:publisher.cc(763)] Publisher info not found
--------------------------------------------------------------------------------
[Jul 13, 2021, 6:29:17.7 PM:ERROR:ad_rewards.cc(280)] Payment balance is not ready
[Jul 13, 2021, 6:30:25.0 PM:ERROR:ad_rewards.cc(280)] Payment balance is not ready
[Jul 13, 2021, 6:33:56.1 PM:ERROR:ad_rewards.cc(280)] Payment balance is not ready
[Jul 13, 2021, 6:36:28.3 PM:ERROR:ad_rewards.cc(280)] Payment balance is not ready
[Jul 13, 2021, 6:39:42.1 PM:ERROR:publisher.cc(763)] Publisher info not found
[Jul 13, 2021, 6:42:30.6 PM:ERROR:ad_rewards.cc(280)] Payment balance is not ready
[Jul 13, 2021, 6:44:36.7 PM:ERROR:publisher.cc(763)] Publisher info not found
[Jul 13, 2021, 6:50:47.8 PM:ERROR:publisher.cc(834)] Failed to retrieve publisher info while updating media duration
[Jul 13, 2021, 6:50:47.8 PM:ERROR:publisher.cc(834)] Failed to retrieve publisher info while updating media duration
[Jul 13, 2021, 6:50:48.3 PM:ERROR:publisher.cc(763)] Publisher info not found
[Jul 13, 2021, 6:57:46.8 PM:ERROR:ad_rewards.cc(280)] Payment balance is not ready
[Jul 13, 2021, 6:58:15.3 PM:ERROR:publisher.cc(763)] Publisher info not found
[Jul 13, 2021, 7:47:54.5 PM:ERROR:publisher.cc(763)] Publisher info not found
--------------------------------------------------------------------------------
[Jul 13, 2021, 7:52:17.0 PM:ERROR:ad_rewards.cc(280)] Payment balance is not ready
[Jul 13, 2021, 7:53:11.1 PM:ERROR:ad_rewards.cc(280)] Payment balance is not ready
[Jul 13, 2021, 7:56:00.4 PM:ERROR:ad_rewards.cc(280)] Payment balance is not ready
[Jul 13, 2021, 7:56:42.6 PM:ERROR:ad_rewards.cc(280)] Payment balance is not ready
[Jul 13, 2021, 7:57:43.4 PM:ERROR:publisher.cc(763)] Publisher info not found
[Jul 13, 2021, 8:00:14.5 PM:ERROR:publisher.cc(763)] Publisher info not found
[Jul 13, 2021, 8:00:19.1 PM:ERROR:publisher.cc(763)] Publisher info not found
[Jul 13, 2021, 8:01:22.7 PM:ERROR:publisher.cc(763)] Publisher info not found
[Jul 13, 2021, 8:09:21.8 PM:ERROR:ad_rewards.cc(280)] Payment balance is not ready
[Jul 13, 2021, 8:15:20.0 PM:ERROR:ad_rewards.cc(280)] Payment balance is not ready
[Jul 13, 2021, 8:16:16.3 PM:ERROR:ad_rewards.cc(280)] Payment balance is not ready
[Jul 13, 2021, 9:10:24.0 PM:ERROR:publisher.cc(763)] Publisher info not found
[Jul 13, 2021, 9:19:30.6 PM:ERROR:ad_rewards.cc(280)] Payment balance is not ready
[Jul 13, 2021, 10:06:50.7 PM:ERROR:publisher.cc(763)] Publisher info not found
[Jul 13, 2021, 11:07:07.4 PM:ERROR:publisher.cc(763)] Publisher info not found
[Jul 13, 2021, 11:25:15.2 PM:ERROR:publisher.cc(763)] Publisher info not found
[Jul 13, 2021, 11:26:39.9 PM:ERROR:publisher.cc(763)] Publisher info not found
[Jul 14, 2021, 2:32:11.8 AM:ERROR:ad_rewards.cc(280)] Payment balance is not ready
[Jul 14, 2021, 3:59:57.2 AM:ERROR:ad_rewards.cc(280)] Payment balance is not ready
[Jul 14, 2021, 4:42:23.8 AM:ERROR:publisher.cc(763)] Publisher info not found
[Jul 14, 2021, 4:45:58.5 AM:ERROR:publisher.cc(763)] Publisher info not found
[Jul 14, 2021, 4:47:35.0 AM:ERROR:publisher.cc(763)] Publisher info not found
--------------------------------------------------------------------------------
[Jul 14, 2021, 4:23:32.7 PM:ERROR:ad_rewards.cc(280)] Payment balance is not ready
[Jul 14, 2021, 4:23:45.1 PM:ERROR:publisher.cc(763)] Publisher info not found
[Jul 14, 2021, 4:23:48.8 PM:ERROR:ad_rewards.cc(280)] Payment balance is not ready
[Jul 14, 2021, 4:30:51.0 PM:ERROR:ad_rewards.cc(280)] Payment balance is not ready
[Jul 14, 2021, 4:32:04.1 PM:ERROR:ad_rewards.cc(280)] Payment balance is not ready
[Jul 14, 2021, 4:39:13.3 PM:ERROR:ad_rewards.cc(280)] Payment balance is not ready
[Jul 14, 2021, 4:55:53.5 PM:ERROR:ad_rewards.cc(280)] Payment balance is not ready
--------------------------------------------------------------------------------
[Jul 14, 2021, 5:14:23.5 PM:ERROR:ad_rewards.cc(280)] Payment balance is not ready
[Jul 14, 2021, 5:15:25.7 PM:ERROR:ad_rewards.cc(280)] Payment balance is not ready
[Jul 14, 2021, 5:16:54.0 PM:ERROR:ad_rewards.cc(280)] Payment balance is not ready
[Jul 14, 2021, 5:19:45.1 PM:ERROR:ad_rewards.cc(280)] Payment balance is not ready
[Jul 14, 2021, 5:40:31.3 PM:ERROR:ad_rewards.cc(280)] Payment balance is not ready
[Jul 14, 2021, 5:44:54.5 PM:ERROR:ad_rewards.cc(280)] Payment balance is not ready
[Jul 14, 2021, 6:03:20.7 PM:ERROR:ad_rewards.cc(280)] Payment balance is not ready
[Jul 14, 2021, 6:21:19.9 PM:ERROR:ad_rewards.cc(280)] Payment balance is not ready
[Jul 14, 2021, 7:22:16.3 PM:ERROR:ad_rewards.cc(280)] Payment balance is not ready
[Jul 14, 2021, 7:34:27.5 PM:ERROR:ad_rewards.cc(280)] Payment balance is not ready
[Jul 14, 2021, 7:58:03.7 PM:ERROR:ad_rewards.cc(280)] Payment balance is not ready
[Jul 14, 2021, 8:46:35.3 PM:ERROR:ad_rewards.cc(280)] Payment balance is not ready
[Jul 14, 2021, 8:50:31.9 PM:ERROR:publisher.cc(763)] Publisher info not found
[Jul 14, 2021, 9:53:39.5 PM:ERROR:ad_rewards.cc(280)] Payment balance is not ready
[Jul 14, 2021, 9:56:25.6 PM:ERROR:ad_rewards.cc(280)] Payment balance is not ready
[Jul 14, 2021, 9:59:18.6 PM:ERROR:publisher.cc(763)] Publisher info not found
[Jul 14, 2021, 10:02:59.3 PM:ERROR:publisher.cc(763)] Publisher info not found
[Jul 14, 2021, 10:15:00.2 PM:ERROR:publisher.cc(763)] Publisher info not found
[Jul 14, 2021, 11:07:23.8 PM:ERROR:ad_rewards.cc(280)] Payment balance is not ready
[Jul 14, 2021, 11:08:58.9 PM:ERROR:publisher.cc(763)] Publisher info not found
[Jul 15, 2021, 1:02:34.0 AM:ERROR:ad_rewards.cc(280)] Payment balance is not ready
[Jul 15, 2021, 1:19:35.6 AM:ERROR:publisher.cc(763)] Publisher info not found
[Jul 15, 2021, 1:31:51.7 AM:ERROR:publisher.cc(763)] Publisher info not found
[Jul 15, 2021, 3:08:32.6 AM:ERROR:publisher.cc(763)] Publisher info not found
[Jul 15, 2021, 3:10:00.9 AM:ERROR:publisher.cc(763)] Publisher info not found
[Jul 15, 2021, 3:16:04.9 AM:ERROR:publisher.cc(763)] Publisher info not found
[Jul 15, 2021, 3:52:47.2 AM:ERROR:publisher.cc(763)] Publisher info not found
--------------------------------------------------------------------------------
[Jul 15, 2021, 10:03:46.3 PM:ERROR:ad_rewards.cc(280)] Payment balance is not ready
[Jul 15, 2021, 10:05:05.5 PM:ERROR:ad_rewards.cc(280)] Payment balance is not ready
[Jul 15, 2021, 10:14:11.6 PM:ERROR:ad_rewards.cc(280)] Payment balance is not ready
[Jul 15, 2021, 10:15:19.8 PM:ERROR:ad_rewards.cc(280)] Payment balance is not ready
[Jul 15, 2021, 10:26:30.9 PM:ERROR:ad_rewards.cc(280)] Payment balance is not ready
[Jul 15, 2021, 10:31:42.1 PM:ERROR:ad_rewards.cc(280)] Payment balance is not ready
[Jul 15, 2021, 11:25:19.4 PM:ERROR:ad_rewards.cc(280)] Payment balance is not ready
[Jul 15, 2021, 11:27:48.6 PM:ERROR:ad_rewards.cc(280)] Payment balance is not ready
[Jul 15, 2021, 11:37:32.8 PM:ERROR:publisher.cc(763)] Publisher info not found
[Jul 15, 2021, 11:41:27.5 PM:ERROR:publisher.cc(763)] Publisher info not found
[Jul 15, 2021, 11:42:45.4 PM:ERROR:publisher.cc(763)] Publisher info not found
[Jul 16, 2021, 12:45:51.7 AM:ERROR:ad_rewards.cc(280)] Payment balance is not ready
[Jul 16, 2021, 12:48:27.5 AM:ERROR:publisher.cc(763)] Publisher info not found
[Jul 16, 2021, 1:12:49.9 AM:ERROR:ad_rewards.cc(280)] Payment balance is not ready
[Jul 16, 2021, 1:19:22.8 AM:ERROR:publisher.cc(763)] Publisher info not found
[Jul 16, 2021, 1:30:04.1 AM:ERROR:publisher.cc(763)] Publisher info not found
[Jul 16, 2021, 1:33:36.8 AM:ERROR:publisher.cc(763)] Publisher info not found
[Jul 16, 2021, 1:35:00.5 AM:ERROR:publisher.cc(763)] Publisher info not found
[Jul 16, 2021, 1:35:17.4 AM:ERROR:publisher.cc(763)] Publisher info not found
[Jul 16, 2021, 1:35:24.1 AM:ERROR:publisher.cc(763)] Publisher info not found
[Jul 16, 2021, 1:35:40.1 AM:ERROR:publisher.cc(763)] Publisher info not found
[Jul 16, 2021, 1:38:09.5 AM:ERROR:publisher.cc(763)] Publisher info not found
[Jul 16, 2021, 1:41:14.5 AM:ERROR:publisher.cc(763)] Publisher info not found
[Jul 16, 2021, 1:45:05.1 AM:ERROR:publisher.cc(763)] Publisher info not found
[Jul 16, 2021, 1:45:41.7 AM:ERROR:refill_unblinded_tokens.cc(189)] Failed to get signed tokens
[Jul 16, 2021, 1:46:21.9 AM:ERROR:publisher.cc(763)] Publisher info not found
[Jul 16, 2021, 1:47:52.7 AM:ERROR:publisher.cc(763)] Publisher info not found
[Jul 16, 2021, 1:50:51.7 AM:ERROR:publisher.cc(763)] Publisher info not found
[Jul 16, 2021, 1:50:55.8 AM:ERROR:publisher.cc(763)] Publisher info not found
[Jul 16, 2021, 1:52:35.3 AM:ERROR:publisher.cc(763)] Publisher info not found
[Jul 16, 2021, 1:54:14.1 AM:ERROR:publisher.cc(763)] Publisher info not found
[Jul 16, 2021, 1:57:53.4 AM:ERROR:publisher.cc(763)] Publisher info not found
[Jul 16, 2021, 2:35:20.1 AM:ERROR:publisher.cc(763)] Publisher info not found
[Jul 16, 2021, 2:38:36.0 AM:ERROR:publisher.cc(763)] Publisher info not found
[Jul 16, 2021, 2:47:25.8 AM:ERROR:publisher.cc(763)] Publisher info not found
[Jul 16, 2021, 2:47:47.2 AM:ERROR:ad_rewards.cc(280)] Payment balance is not ready
[Jul 16, 2021, 2:53:56.4 AM:ERROR:publisher.cc(763)] Publisher info not found
[Jul 16, 2021, 5:01:54.4 AM:ERROR:ad_rewards.cc(280)] Payment balance is not ready
[Jul 16, 2021, 5:31:28.5 AM:ERROR:ad_rewards.cc(280)] Payment balance is not ready
[Jul 16, 2021, 6:11:40.7 AM:ERROR:ad_rewards.cc(280)] Payment balance is not ready
[Jul 16, 2021, 6:31:13.9 AM:ERROR:ad_rewards.cc(280)] Payment balance is not ready
[Jul 16, 2021, 8:03:18.6 AM:ERROR:ad_rewards.cc(280)] Payment balance is not ready
[Jul 16, 2021, 10:42:23.8 AM:ERROR:ad_rewards.cc(280)] Payment balance is not ready
[Jul 16, 2021, 11:36:44.1 AM:ERROR:ad_rewards.cc(280)] Payment balance is not ready
[Jul 16, 2021, 12:47:22.3 PM:ERROR:ad_rewards.cc(280)] Payment balance is not ready
[Jul 16, 2021, 1:03:52.5 PM:ERROR:ad_rewards.cc(280)] Payment balance is not ready
[Jul 16, 2021, 1:05:26.6 PM:ERROR:ad_rewards.cc(280)] Payment balance is not ready
[Jul 16, 2021, 1:36:37.8 PM:ERROR:ad_rewards.cc(280)] Payment balance is not ready
[Jul 16, 2021, 2:03:39.1 PM:ERROR:ad_rewards.cc(280)] Payment balance is not ready
[Jul 16, 2021, 4:56:24.3 PM:ERROR:ad_rewards.cc(280)] Payment balance is not ready
[Jul 16, 2021, 6:33:49.5 PM:ERROR:ad_rewards.cc(280)] Payment balance is not ready
[Jul 16, 2021, 7:13:22.9 PM:ERROR:ad_rewards.cc(280)] Payment balance is not ready
[Jul 16, 2021, 7:28:00.1 PM:ERROR:ad_rewards.cc(280)] Payment balance is not ready
[Jul 16, 2021, 8:26:00.3 PM:ERROR:ad_rewards.cc(280)] Payment balance is not ready
[Jul 16, 2021, 9:29:54.7 PM:ERROR:ad_rewards.cc(280)] Payment balance is not ready
[Jul 16, 2021, 9:57:41.9 PM:ERROR:ad_rewards.cc(280)] Payment balance is not ready
[Jul 16, 2021, 10:46:11.3 PM:ERROR:ad_rewards.cc(280)] Payment balance is not ready
[Jul 17, 2021, 12:56:19.2 AM:ERROR:publisher.cc(763)] Publisher info not found
[Jul 17, 2021, 12:57:33.3 AM:ERROR:publisher.cc(763)] Publisher info not found
[Jul 17, 2021, 12:58:10.3 AM:ERROR:publisher.cc(763)] Publisher info not found
[Jul 17, 2021, 1:02:05.4 AM:ERROR:publisher.cc(763)] Publisher info not found
[Jul 17, 2021, 1:20:51.3 AM:ERROR:publisher.cc(763)] Publisher info not found
[Jul 17, 2021, 1:29:17.5 AM:ERROR:ad_rewards.cc(280)] Payment balance is not ready
[Jul 17, 2021, 2:47:41.7 AM:ERROR:publisher.cc(763)] Publisher info not found
--------------------------------------------------------------------------------
[Jul 17, 2021, 9:40:17.8 PM:ERROR:ad_rewards.cc(280)] Payment balance is not ready
[Jul 17, 2021, 9:41:19.0 PM:ERROR:ad_rewards.cc(280)] Payment balance is not ready
[Jul 17, 2021, 9:41:40.1 PM:ERROR:ad_rewards.cc(280)] Payment balance is not ready
[Jul 17, 2021, 9:42:59.5 PM:ERROR:ad_rewards.cc(280)] Payment balance is not ready
[Jul 17, 2021, 9:44:25.6 PM:ERROR:ad_rewards.cc(280)] Payment balance is not ready
[Jul 17, 2021, 9:48:54.6 PM:ERROR:publisher.cc(763)] Publisher info not found
[Jul 17, 2021, 9:51:11.3 PM:ERROR:publisher.cc(763)] Publisher info not found
[Jul 17, 2021, 9:54:22.3 PM:ERROR:publisher.cc(763)] Publisher info not found
[Jul 17, 2021, 9:55:33.8 PM:ERROR:ad_rewards.cc(280)] Payment balance is not ready
[Jul 17, 2021, 9:59:41.0 PM:ERROR:publisher.cc(763)] Publisher info not found
[Jul 17, 2021, 10:10:05.0 PM:ERROR:ad_rewards.cc(280)] Payment balance is not ready
[Jul 17, 2021, 10:19:29.8 PM:ERROR:publisher.cc(763)] Publisher info not found
[Jul 17, 2021, 10:23:42.8 PM:ERROR:ad_rewards.cc(280)] Payment balance is not ready
[Jul 17, 2021, 10:24:10.7 PM:ERROR:publisher.cc(763)] Publisher info not found
[Jul 17, 2021, 10:25:09.0 PM:ERROR:publisher.cc(763)] Publisher info not found
[Jul 17, 2021, 10:31:23.6 PM:ERROR:publisher.cc(763)] Publisher info not found
[Jul 17, 2021, 10:39:55.9 PM:ERROR:publisher.cc(763)] Publisher info not found
[Jul 17, 2021, 10:58:56.4 PM:ERROR:publisher.cc(763)] Publisher info not found
[Jul 17, 2021, 10:59:34.9 PM:ERROR:ad_rewards.cc(280)] Payment balance is not ready
[Jul 17, 2021, 11:01:20.1 PM:ERROR:ad_rewards.cc(280)] Payment balance is not ready
[Jul 17, 2021, 11:14:48.6 PM:ERROR:ad_rewards.cc(280)] Payment balance is not ready
[Jul 17, 2021, 11:18:46.8 PM:ERROR:ad_rewards.cc(280)] Payment balance is not ready
[Jul 17, 2021, 11:23:16.0 PM:ERROR:publisher.cc(763)] Publisher info not found
